-------------------------------------------------------------------------------
Test set: app1.rest.HelloResourceSpecTest
-------------------------------------------------------------------------------
Tests run: 4, Failures: 3, Errors: 0, Skipped: 0, Time elapsed: 12.161 sec <<< FAILURE!
should admin say hello(app1.rest.HelloResourceSpecTest)  Time elapsed: 2.361 sec  <<< FAILURE!
java.lang.AssertionError: Expecting:
  {
    "message" : "hello xavier, it's 04:48:00"
  }
to be same json as:
  {"message":"hello xavier, it's 01:18:00"}
but following differences were found:
- within [L1C2]-[L3C2]:
  {
    "message" : "hello xavier, it's 04:48:00"
  }
01) expected value "hello xavier, it's 01:18:00" but was "hello xavier, it's 04:48:00" at path './message'


if the expectation is not up to date, here is a merged expect that you can use to fix your test:
  {
    "message" : "hello xavier, it's 04:48:00"
  }


	at restx.tests.json.JsonAssertions.isSameJsonAs(JsonAssertions.java:87)
	at restx.tests.json.JsonAssertions.isSameJsonAs(JsonAssertions.java:73)
	at restx.tests.WhenHttpChecker.check(WhenHttpChecker.java:72)
	at restx.tests.WhenHttpChecker.check(WhenHttpChecker.java:20)
	at restx.tests.RestxSpecRunner.runSpec(RestxSpecRunner.java:113)
	at restx.tests.RestxSpecRunner.runTest(RestxSpecRunner.java:67)
	at restx.tests.RestxSpecRule.runTest(RestxSpecRule.java:67)
	at restx.tests.RestxSpecTestsRunner$1.evaluate(RestxSpecTestsRunner.java:88)
	at org.junit.runners.ParentRunner.runLeaf(ParentRunner.java:271)
	at restx.tests.RestxSpecTestsRunner.runChild(RestxSpecTestsRunner.java:85)
	at restx.tests.RestxSpecTestsRunner.runChild(RestxSpecTestsRunner.java:39)
	at org.junit.runners.ParentRunner$3.run(ParentRunner.java:238)
	at org.junit.runners.ParentRunner$1.schedule(ParentRunner.java:63)
	at org.junit.runners.ParentRunner.runChildren(ParentRunner.java:236)
	at org.junit.runners.ParentRunner.access$000(ParentRunner.java:53)
	at org.junit.runners.ParentRunner$2.evaluate(ParentRunner.java:229)
	at restx.tests.RestxServerRule$1.evaluate(RestxServerRule.java:62)
	at org.junit.rules.RunRules.evaluate(RunRules.java:20)
	at org.junit.runners.ParentRunner.run(ParentRunner.java:309)
	at org.apache.maven.surefire.junit4.JUnit4TestSet.execute(JUnit4TestSet.java:53)
	at org.apache.maven.surefire.junit4.JUnit4Provider.executeTestSet(JUnit4Provider.java:123)
	at org.apache.maven.surefire.junit4.JUnit4Provider.invoke(JUnit4Provider.java:104)
	at sun.reflect.NativeMethodAccessorImpl.invoke0(Native Method)
	at sun.reflect.NativeMethodAccessorImpl.invoke(NativeMethodAccessorImpl.java:57)
	at sun.reflect.DelegatingMethodAccessorImpl.invoke(DelegatingMethodAccessorImpl.java:43)
	at java.lang.reflect.Method.invoke(Method.java:606)
	at org.apache.maven.surefire.util.ReflectionUtils.invokeMethodWithArray(ReflectionUtils.java:164)
	at org.apache.maven.surefire.booter.ProviderFactory$ProviderProxy.invoke(ProviderFactory.java:110)
	at org.apache.maven.surefire.booter.SurefireStarter.invokeProvider(SurefireStarter.java:175)
	at org.apache.maven.surefire.booter.SurefireStarter.runSuitesInProcessWhenForked(SurefireStarter.java:107)
	at org.apache.maven.surefire.booter.ForkedBooter.main(ForkedBooter.java:68)
should admin say hello(app1.rest.HelloResourceSpecTest)  Time elapsed: 1.255 sec  <<< FAILURE!
java.lang.AssertionError: Expecting:
  {
    "message" : "hello admin, it's 04:48:00"
  }
to be same json as:
  {"message":"hello admin, it's 01:18:00"}
but following differences were found:
- within [L1C2]-[L3C2]:
  {
    "message" : "hello admin, it's 04:48:00"
  }
01) expected value "hello admin, it's 01:18:00" but was "hello admin, it's 04:48:00" at path './message'


if the expectation is not up to date, here is a merged expect that you can use to fix your test:
  {
    "message" : "hello admin, it's 04:48:00"
  }


	at restx.tests.json.JsonAssertions.isSameJsonAs(JsonAssertions.java:87)
	at restx.tests.json.JsonAssertions.isSameJsonAs(JsonAssertions.java:73)
	at restx.tests.WhenHttpChecker.check(WhenHttpChecker.java:72)
	at restx.tests.WhenHttpChecker.check(WhenHttpChecker.java:20)
	at restx.tests.RestxSpecRunner.runSpec(RestxSpecRunner.java:113)
	at restx.tests.RestxSpecRunner.runTest(RestxSpecRunner.java:67)
	at restx.tests.RestxSpecRule.runTest(RestxSpecRule.java:67)
	at restx.tests.RestxSpecTestsRunner$1.evaluate(RestxSpecTestsRunner.java:88)
	at org.junit.runners.ParentRunner.runLeaf(ParentRunner.java:271)
	at restx.tests.RestxSpecTestsRunner.runChild(RestxSpecTestsRunner.java:85)
	at restx.tests.RestxSpecTestsRunner.runChild(RestxSpecTestsRunner.java:39)
	at org.junit.runners.ParentRunner$3.run(ParentRunner.java:238)
	at org.junit.runners.ParentRunner$1.schedule(ParentRunner.java:63)
	at org.junit.runners.ParentRunner.runChildren(ParentRunner.java:236)
	at org.junit.runners.ParentRunner.access$000(ParentRunner.java:53)
	at org.junit.runners.ParentRunner$2.evaluate(ParentRunner.java:229)
	at restx.tests.RestxServerRule$1.evaluate(RestxServerRule.java:62)
	at org.junit.rules.RunRules.evaluate(RunRules.java:20)
	at org.junit.runners.ParentRunner.run(ParentRunner.java:309)
	at org.apache.maven.surefire.junit4.JUnit4TestSet.execute(JUnit4TestSet.java:53)
	at org.apache.maven.surefire.junit4.JUnit4Provider.executeTestSet(JUnit4Provider.java:123)
	at org.apache.maven.surefire.junit4.JUnit4Provider.invoke(JUnit4Provider.java:104)
	at sun.reflect.NativeMethodAccessorImpl.invoke0(Native Method)
	at sun.reflect.NativeMethodAccessorImpl.invoke(NativeMethodAccessorImpl.java:57)
	at sun.reflect.DelegatingMethodAccessorImpl.invoke(DelegatingMethodAccessorImpl.java:43)
	at java.lang.reflect.Method.invoke(Method.java:606)
	at org.apache.maven.surefire.util.ReflectionUtils.invokeMethodWithArray(ReflectionUtils.java:164)
	at org.apache.maven.surefire.booter.ProviderFactory$ProviderProxy.invoke(ProviderFactory.java:110)
	at org.apache.maven.surefire.booter.SurefireStarter.invokeProvider(SurefireStarter.java:175)
	at org.apache.maven.surefire.booter.SurefireStarter.runSuitesInProcessWhenForked(SurefireStarter.java:107)
	at org.apache.maven.surefire.booter.ForkedBooter.main(ForkedBooter.java:68)
should user1 say hello(app1.rest.HelloResourceSpecTest)  Time elapsed: 1.717 sec  <<< FAILURE!
java.lang.AssertionError: Expecting:
  {
    "message" : "hello user1, it's 04:48:00"
  }
to be same json as:
  {"message":"hello user1, it's 01:18:00"}
but following differences were found:
- within [L1C2]-[L3C2]:
  {
    "message" : "hello user1, it's 04:48:00"
  }
01) expected value "hello user1, it's 01:18:00" but was "hello user1, it's 04:48:00" at path './message'


if the expectation is not up to date, here is a merged expect that you can use to fix your test:
  {
    "message" : "hello user1, it's 04:48:00"
  }


	at restx.tests.json.JsonAssertions.isSameJsonAs(JsonAssertions.java:87)
	at restx.tests.json.JsonAssertions.isSameJsonAs(JsonAssertions.java:73)
	at restx.tests.WhenHttpChecker.check(WhenHttpChecker.java:72)
	at restx.tests.WhenHttpChecker.check(WhenHttpChecker.java:20)
	at restx.tests.RestxSpecRunner.runSpec(RestxSpecRunner.java:113)
	at restx.tests.RestxSpecRunner.runTest(RestxSpecRunner.java:67)
	at restx.tests.RestxSpecRule.runTest(RestxSpecRule.java:67)
	at restx.tests.RestxSpecTestsRunner$1.evaluate(RestxSpecTestsRunner.java:88)
	at org.junit.runners.ParentRunner.runLeaf(ParentRunner.java:271)
	at restx.tests.RestxSpecTestsRunner.runChild(RestxSpecTestsRunner.java:85)
	at restx.tests.RestxSpecTestsRunner.runChild(RestxSpecTestsRunner.java:39)
	at org.junit.runners.ParentRunner$3.run(ParentRunner.java:238)
	at org.junit.runners.ParentRunner$1.schedule(ParentRunner.java:63)
	at org.junit.runners.ParentRunner.runChildren(ParentRunner.java:236)
	at org.junit.runners.ParentRunner.access$000(ParentRunner.java:53)
	at org.junit.runners.ParentRunner$2.evaluate(ParentRunner.java:229)
	at restx.tests.RestxServerRule$1.evaluate(RestxServerRule.java:62)
	at org.junit.rules.RunRules.evaluate(RunRules.java:20)
	at org.junit.runners.ParentRunner.run(ParentRunner.java:309)
	at org.apache.maven.surefire.junit4.JUnit4TestSet.execute(JUnit4TestSet.java:53)
	at org.apache.maven.surefire.junit4.JUnit4Provider.executeTestSet(JUnit4Provider.java:123)
	at org.apache.maven.surefire.junit4.JUnit4Provider.invoke(JUnit4Provider.java:104)
	at sun.reflect.NativeMethodAccessorImpl.invoke0(Native Method)
	at sun.reflect.NativeMethodAccessorImpl.invoke(NativeMethodAccessorImpl.java:57)
	at sun.reflect.DelegatingMethodAccessorImpl.invoke(DelegatingMethodAccessorImpl.java:43)
	at java.lang.reflect.Method.invoke(Method.java:606)
	at org.apache.maven.surefire.util.ReflectionUtils.invokeMethodWithArray(ReflectionUtils.java:164)
	at org.apache.maven.surefire.booter.ProviderFactory$ProviderProxy.invoke(ProviderFactory.java:110)
	at org.apache.maven.surefire.booter.SurefireStarter.invokeProvider(SurefireStarter.java:175)
	at org.apache.maven.surefire.booter.SurefireStarter.runSuitesInProcessWhenForked(SurefireStarter.java:107)
	at org.apache.maven.surefire.booter.ForkedBooter.main(ForkedBooter.java:68)
